  main.c
C:\Users\donha\OneDrive\바탕 화면\git\File_Processing_Theory_test1\avl_2\avl_2\avl_2\main.c(6,5): error C2061: 구문 오류: 식별자 'AvlNode'
C:\Users\donha\OneDrive\바탕 화면\git\File_Processing_Theory_test1\avl_2\avl_2\avl_2\main.c(7,1): error C2059: 구문 오류: '}'
C:\Users\donha\OneDrive\바탕 화면\git\File_Processing_Theory_test1\avl_2\avl_2\avl_2\main.c(9,8): error C2143: 구문 오류: '{'이(가) '*' 앞에 없습니다.
C:\Users\donha\OneDrive\바탕 화면\git\File_Processing_Theory_test1\avl_2\avl_2\avl_2\main.c(17,8): error C2143: 구문 오류: '{'이(가) '*' 앞에 없습니다.
C:\Users\donha\OneDrive\바탕 화면\git\File_Processing_Theory_test1\avl_2\avl_2\avl_2\main.c(17,27): error C2143: 구문 오류: ')'이(가) '*' 앞에 없습니다.
C:\Users\donha\OneDrive\바탕 화면\git\File_Processing_Theory_test1\avl_2\avl_2\avl_2\main.c(17,27): error C2143: 구문 오류: '{'이(가) '*' 앞에 없습니다.
C:\Users\donha\OneDrive\바탕 화면\git\File_Processing_Theory_test1\avl_2\avl_2\avl_2\main.c(17,35): error C2059: 구문 오류: ')'
C:\Users\donha\OneDrive\바탕 화면\git\File_Processing_Theory_test1\avl_2\avl_2\avl_2\main.c(18,1): error C2054: 'parent' 다음에 '('가 필요합니다.
C:\Users\donha\OneDrive\바탕 화면\git\File_Processing_Theory_test1\avl_2\avl_2\avl_2\main.c(30,8): error C2143: 구문 오류: '{'이(가) '*' 앞에 없습니다.
C:\Users\donha\OneDrive\바탕 화면\git\File_Processing_Theory_test1\avl_2\avl_2\avl_2\main.c(30,27): error C2143: 구문 오류: ')'이(가) '*' 앞에 없습니다.
C:\Users\donha\OneDrive\바탕 화면\git\File_Processing_Theory_test1\avl_2\avl_2\avl_2\main.c(30,27): error C2143: 구문 오류: '{'이(가) '*' 앞에 없습니다.
C:\Users\donha\OneDrive\바탕 화면\git\File_Processing_Theory_test1\avl_2\avl_2\avl_2\main.c(30,35): error C2059: 구문 오류: ')'
C:\Users\donha\OneDrive\바탕 화면\git\File_Processing_Theory_test1\avl_2\avl_2\avl_2\main.c(31,1): error C2054: 'parent' 다음에 '('가 필요합니다.
C:\Users\donha\OneDrive\바탕 화면\git\File_Processing_Theory_test1\avl_2\avl_2\avl_2\main.c(44,8): error C2143: 구문 오류: '{'이(가) '*' 앞에 없습니다.
C:\Users\donha\OneDrive\바탕 화면\git\File_Processing_Theory_test1\avl_2\avl_2\avl_2\main.c(44,27): error C2143: 구문 오류: ')'이(가) '*' 앞에 없습니다.
C:\Users\donha\OneDrive\바탕 화면\git\File_Processing_Theory_test1\avl_2\avl_2\avl_2\main.c(44,27): error C2143: 구문 오류: '{'이(가) '*' 앞에 없습니다.
C:\Users\donha\OneDrive\바탕 화면\git\File_Processing_Theory_test1\avl_2\avl_2\avl_2\main.c(44,35): error C2059: 구문 오류: ')'
C:\Users\donha\OneDrive\바탕 화면\git\File_Processing_Theory_test1\avl_2\avl_2\avl_2\main.c(45,1): error C2054: 'parent' 다음에 '('가 필요합니다.
C:\Users\donha\OneDrive\바탕 화면\git\File_Processing_Theory_test1\avl_2\avl_2\avl_2\main.c(57,8): error C2143: 구문 오류: '{'이(가) '*' 앞에 없습니다.
C:\Users\donha\OneDrive\바탕 화면\git\File_Processing_Theory_test1\avl_2\avl_2\avl_2\main.c(57,27): error C2143: 구문 오류: ')'이(가) '*' 앞에 없습니다.
C:\Users\donha\OneDrive\바탕 화면\git\File_Processing_Theory_test1\avl_2\avl_2\avl_2\main.c(57,27): error C2143: 구문 오류: '{'이(가) '*' 앞에 없습니다.
C:\Users\donha\OneDrive\바탕 화면\git\File_Processing_Theory_test1\avl_2\avl_2\avl_2\main.c(57,35): error C2059: 구문 오류: ')'
C:\Users\donha\OneDrive\바탕 화면\git\File_Processing_Theory_test1\avl_2\avl_2\avl_2\main.c(58,1): error C2054: 'parent' 다음에 '('가 필요합니다.
C:\Users\donha\OneDrive\바탕 화면\git\File_Processing_Theory_test1\avl_2\avl_2\avl_2\main.c(66,23): error C2143: 구문 오류: ')'이(가) '*' 앞에 없습니다.
C:\Users\donha\OneDrive\바탕 화면\git\File_Processing_Theory_test1\avl_2\avl_2\avl_2\main.c(66,23): error C2143: 구문 오류: '{'이(가) '*' 앞에 없습니다.
C:\Users\donha\OneDrive\바탕 화면\git\File_Processing_Theory_test1\avl_2\avl_2\avl_2\main.c(66,29): error C2059: 구문 오류: ')'
C:\Users\donha\OneDrive\바탕 화면\git\File_Processing_Theory_test1\avl_2\avl_2\avl_2\main.c(67,1): error C2054: 'node' 다음에 '('가 필요합니다.
C:\Users\donha\OneDrive\바탕 화면\git\File_Processing_Theory_test1\avl_2\avl_2\avl_2\main.c(76,24): error C2143: 구문 오류: ')'이(가) '*' 앞에 없습니다.
C:\Users\donha\OneDrive\바탕 화면\git\File_Processing_Theory_test1\avl_2\avl_2\avl_2\main.c(76,24): error C2143: 구문 오류: '{'이(가) '*' 앞에 없습니다.
C:\Users\donha\OneDrive\바탕 화면\git\File_Processing_Theory_test1\avl_2\avl_2\avl_2\main.c(76,30): error C2059: 구문 오류: ')'
C:\Users\donha\OneDrive\바탕 화면\git\File_Processing_Theory_test1\avl_2\avl_2\avl_2\main.c(77,1): error C2054: 'node' 다음에 '('가 필요합니다.
C:\Users\donha\OneDrive\바탕 화면\git\File_Processing_Theory_test1\avl_2\avl_2\avl_2\main.c(83,8): error C2143: 구문 오류: '{'이(가) '*' 앞에 없습니다.
C:\Users\donha\OneDrive\바탕 화면\git\File_Processing_Theory_test1\avl_2\avl_2\avl_2\main.c(83,30): error C2143: 구문 오류: ')'이(가) '*' 앞에 없습니다.
C:\Users\donha\OneDrive\바탕 화면\git\File_Processing_Theory_test1\avl_2\avl_2\avl_2\main.c(83,30): error C2143: 구문 오류: '{'이(가) '*' 앞에 없습니다.
C:\Users\donha\OneDrive\바탕 화면\git\File_Processing_Theory_test1\avl_2\avl_2\avl_2\main.c(83,37): error C2059: 구문 오류: ')'
C:\Users\donha\OneDrive\바탕 화면\git\File_Processing_Theory_test1\avl_2\avl_2\avl_2\main.c(83,33): error C2040: 'node': 'int **'의 간접 참조 수준이 'int *'과(와) 다릅니다.
C:\Users\donha\OneDrive\바탕 화면\git\File_Processing_Theory_test1\avl_2\avl_2\avl_2\main.c(84,1): error C2054: 'node' 다음에 '('가 필요합니다.
C:\Users\donha\OneDrive\바탕 화면\git\File_Processing_Theory_test1\avl_2\avl_2\avl_2\main.c(106,8): error C2143: 구문 오류: '{'이(가) '*' 앞에 없습니다.
C:\Users\donha\OneDrive\바탕 화면\git\File_Processing_Theory_test1\avl_2\avl_2\avl_2\main.c(106,25): error C2143: 구문 오류: ')'이(가) '*' 앞에 없습니다.
C:\Users\donha\OneDrive\바탕 화면\git\File_Processing_Theory_test1\avl_2\avl_2\avl_2\main.c(106,25): error C2143: 구문 오류: '{'이(가) '*' 앞에 없습니다.
C:\Users\donha\OneDrive\바탕 화면\git\File_Processing_Theory_test1\avl_2\avl_2\avl_2\main.c(106,28): error C2040: 'root': 'int **'의 간접 참조 수준이 'int *'과(와) 다릅니다.
C:\Users\donha\OneDrive\바탕 화면\git\File_Processing_Theory_test1\avl_2\avl_2\avl_2\main.c(106,38): error C2059: 구문 오류: '형식'
C:\Users\donha\OneDrive\바탕 화면\git\File_Processing_Theory_test1\avl_2\avl_2\avl_2\main.c(106,41): error C2059: 구문 오류: ')'
C:\Users\donha\OneDrive\바탕 화면\git\File_Processing_Theory_test1\avl_2\avl_2\avl_2\main.c(140,8): error C2143: 구문 오류: '{'이(가) '*' 앞에 없습니다.
C:\Users\donha\OneDrive\바탕 화면\git\File_Processing_Theory_test1\avl_2\avl_2\avl_2\main.c(140,28): error C2143: 구문 오류: ')'이(가) '*' 앞에 없습니다.
C:\Users\donha\OneDrive\바탕 화면\git\File_Processing_Theory_test1\avl_2\avl_2\avl_2\main.c(140,28): error C2143: 구문 오류: '{'이(가) '*' 앞에 없습니다.
C:\Users\donha\OneDrive\바탕 화면\git\File_Processing_Theory_test1\avl_2\avl_2\avl_2\main.c(140,40): error C2059: 구문 오류: '형식'
C:\Users\donha\OneDrive\바탕 화면\git\File_Processing_Theory_test1\avl_2\avl_2\avl_2\main.c(140,43): error C2059: 구문 오류: ')'
C:\Users\donha\OneDrive\바탕 화면\git\File_Processing_Theory_test1\avl_2\avl_2\avl_2\main.c(156,12): warning C4013: 'avl_add'이(가) 정의되지 않았습니다. extern은 int형을 반환하는 것으로 간주합니다.
C:\Users\donha\OneDrive\바탕 화면\git\File_Processing_Theory_test1\avl_2\avl_2\avl_2\main.c(169,15): warning C4013: 'avl_search'이(가) 정의되지 않았습니다. extern은 int형을 반환하는 것으로 간주합니다.
