  main.c
C:\Users\donha\OneDrive\바탕 화면\git\File_Processing_Theory_test1\AVL_OneFn\AVL_OneFn\main.c(97,32): warning C4013: 'AVL_print_keys_Preorder'이(가) 정의되지 않았습니다. extern은 int형을 반환하는 것으로 간주합니다.
  test1.c
C:\Users\donha\OneDrive\바탕 화면\git\File_Processing_Theory_test1\AVL_OneFn\AVL_OneFn\test1.c(8,5): error C2061: 구문 오류: 식별자 'AvlNode'
C:\Users\donha\OneDrive\바탕 화면\git\File_Processing_Theory_test1\AVL_OneFn\AVL_OneFn\test1.c(9,1): error C2059: 구문 오류: '}'
C:\Users\donha\OneDrive\바탕 화면\git\File_Processing_Theory_test1\AVL_OneFn\AVL_OneFn\test1.c(11,8): error C2143: 구문 오류: '{'이(가) '*' 앞에 없습니다.
C:\Users\donha\OneDrive\바탕 화면\git\File_Processing_Theory_test1\AVL_OneFn\AVL_OneFn\test1.c(19,8): error C2143: 구문 오류: '{'이(가) '*' 앞에 없습니다.
C:\Users\donha\OneDrive\바탕 화면\git\File_Processing_Theory_test1\AVL_OneFn\AVL_OneFn\test1.c(19,27): error C2143: 구문 오류: ')'이(가) '*' 앞에 없습니다.
C:\Users\donha\OneDrive\바탕 화면\git\File_Processing_Theory_test1\AVL_OneFn\AVL_OneFn\test1.c(19,27): error C2143: 구문 오류: '{'이(가) '*' 앞에 없습니다.
C:\Users\donha\OneDrive\바탕 화면\git\File_Processing_Theory_test1\AVL_OneFn\AVL_OneFn\test1.c(19,35): error C2059: 구문 오류: ')'
C:\Users\donha\OneDrive\바탕 화면\git\File_Processing_Theory_test1\AVL_OneFn\AVL_OneFn\test1.c(20,1): error C2054: 'parent' 다음에 '('가 필요합니다.
C:\Users\donha\OneDrive\바탕 화면\git\File_Processing_Theory_test1\AVL_OneFn\AVL_OneFn\test1.c(32,8): error C2143: 구문 오류: '{'이(가) '*' 앞에 없습니다.
C:\Users\donha\OneDrive\바탕 화면\git\File_Processing_Theory_test1\AVL_OneFn\AVL_OneFn\test1.c(32,27): error C2143: 구문 오류: ')'이(가) '*' 앞에 없습니다.
C:\Users\donha\OneDrive\바탕 화면\git\File_Processing_Theory_test1\AVL_OneFn\AVL_OneFn\test1.c(32,27): error C2143: 구문 오류: '{'이(가) '*' 앞에 없습니다.
C:\Users\donha\OneDrive\바탕 화면\git\File_Processing_Theory_test1\AVL_OneFn\AVL_OneFn\test1.c(32,35): error C2059: 구문 오류: ')'
C:\Users\donha\OneDrive\바탕 화면\git\File_Processing_Theory_test1\AVL_OneFn\AVL_OneFn\test1.c(33,1): error C2054: 'parent' 다음에 '('가 필요합니다.
C:\Users\donha\OneDrive\바탕 화면\git\File_Processing_Theory_test1\AVL_OneFn\AVL_OneFn\test1.c(46,8): error C2143: 구문 오류: '{'이(가) '*' 앞에 없습니다.
C:\Users\donha\OneDrive\바탕 화면\git\File_Processing_Theory_test1\AVL_OneFn\AVL_OneFn\test1.c(46,27): error C2143: 구문 오류: ')'이(가) '*' 앞에 없습니다.
C:\Users\donha\OneDrive\바탕 화면\git\File_Processing_Theory_test1\AVL_OneFn\AVL_OneFn\test1.c(46,27): error C2143: 구문 오류: '{'이(가) '*' 앞에 없습니다.
C:\Users\donha\OneDrive\바탕 화면\git\File_Processing_Theory_test1\AVL_OneFn\AVL_OneFn\test1.c(46,35): error C2059: 구문 오류: ')'
C:\Users\donha\OneDrive\바탕 화면\git\File_Processing_Theory_test1\AVL_OneFn\AVL_OneFn\test1.c(47,1): error C2054: 'parent' 다음에 '('가 필요합니다.
C:\Users\donha\OneDrive\바탕 화면\git\File_Processing_Theory_test1\AVL_OneFn\AVL_OneFn\test1.c(59,8): error C2143: 구문 오류: '{'이(가) '*' 앞에 없습니다.
C:\Users\donha\OneDrive\바탕 화면\git\File_Processing_Theory_test1\AVL_OneFn\AVL_OneFn\test1.c(59,27): error C2143: 구문 오류: ')'이(가) '*' 앞에 없습니다.
C:\Users\donha\OneDrive\바탕 화면\git\File_Processing_Theory_test1\AVL_OneFn\AVL_OneFn\test1.c(59,27): error C2143: 구문 오류: '{'이(가) '*' 앞에 없습니다.
C:\Users\donha\OneDrive\바탕 화면\git\File_Processing_Theory_test1\AVL_OneFn\AVL_OneFn\test1.c(59,35): error C2059: 구문 오류: ')'
C:\Users\donha\OneDrive\바탕 화면\git\File_Processing_Theory_test1\AVL_OneFn\AVL_OneFn\test1.c(60,1): error C2054: 'parent' 다음에 '('가 필요합니다.
C:\Users\donha\OneDrive\바탕 화면\git\File_Processing_Theory_test1\AVL_OneFn\AVL_OneFn\test1.c(68,23): error C2143: 구문 오류: ')'이(가) '*' 앞에 없습니다.
C:\Users\donha\OneDrive\바탕 화면\git\File_Processing_Theory_test1\AVL_OneFn\AVL_OneFn\test1.c(68,23): error C2143: 구문 오류: '{'이(가) '*' 앞에 없습니다.
C:\Users\donha\OneDrive\바탕 화면\git\File_Processing_Theory_test1\AVL_OneFn\AVL_OneFn\test1.c(68,29): error C2059: 구문 오류: ')'
C:\Users\donha\OneDrive\바탕 화면\git\File_Processing_Theory_test1\AVL_OneFn\AVL_OneFn\test1.c(69,1): error C2054: 'node' 다음에 '('가 필요합니다.
C:\Users\donha\OneDrive\바탕 화면\git\File_Processing_Theory_test1\AVL_OneFn\AVL_OneFn\test1.c(78,24): error C2143: 구문 오류: ')'이(가) '*' 앞에 없습니다.
C:\Users\donha\OneDrive\바탕 화면\git\File_Processing_Theory_test1\AVL_OneFn\AVL_OneFn\test1.c(78,24): error C2143: 구문 오류: '{'이(가) '*' 앞에 없습니다.
C:\Users\donha\OneDrive\바탕 화면\git\File_Processing_Theory_test1\AVL_OneFn\AVL_OneFn\test1.c(78,30): error C2059: 구문 오류: ')'
C:\Users\donha\OneDrive\바탕 화면\git\File_Processing_Theory_test1\AVL_OneFn\AVL_OneFn\test1.c(79,1): error C2054: 'node' 다음에 '('가 필요합니다.
C:\Users\donha\OneDrive\바탕 화면\git\File_Processing_Theory_test1\AVL_OneFn\AVL_OneFn\test1.c(85,8): error C2143: 구문 오류: '{'이(가) '*' 앞에 없습니다.
C:\Users\donha\OneDrive\바탕 화면\git\File_Processing_Theory_test1\AVL_OneFn\AVL_OneFn\test1.c(85,30): error C2143: 구문 오류: ')'이(가) '*' 앞에 없습니다.
C:\Users\donha\OneDrive\바탕 화면\git\File_Processing_Theory_test1\AVL_OneFn\AVL_OneFn\test1.c(85,30): error C2143: 구문 오류: '{'이(가) '*' 앞에 없습니다.
C:\Users\donha\OneDrive\바탕 화면\git\File_Processing_Theory_test1\AVL_OneFn\AVL_OneFn\test1.c(85,37): error C2059: 구문 오류: ')'
C:\Users\donha\OneDrive\바탕 화면\git\File_Processing_Theory_test1\AVL_OneFn\AVL_OneFn\test1.c(85,33): error C2040: 'node': 'int **'의 간접 참조 수준이 'int *'과(와) 다릅니다.
C:\Users\donha\OneDrive\바탕 화면\git\File_Processing_Theory_test1\AVL_OneFn\AVL_OneFn\test1.c(86,1): error C2054: 'node' 다음에 '('가 필요합니다.
C:\Users\donha\OneDrive\바탕 화면\git\File_Processing_Theory_test1\AVL_OneFn\AVL_OneFn\test1.c(108,8): error C2143: 구문 오류: '{'이(가) '*' 앞에 없습니다.
C:\Users\donha\OneDrive\바탕 화면\git\File_Processing_Theory_test1\AVL_OneFn\AVL_OneFn\test1.c(108,25): error C2143: 구문 오류: ')'이(가) '*' 앞에 없습니다.
C:\Users\donha\OneDrive\바탕 화면\git\File_Processing_Theory_test1\AVL_OneFn\AVL_OneFn\test1.c(108,25): error C2143: 구문 오류: '{'이(가) '*' 앞에 없습니다.
C:\Users\donha\OneDrive\바탕 화면\git\File_Processing_Theory_test1\AVL_OneFn\AVL_OneFn\test1.c(108,28): error C2040: 'root': 'int **'의 간접 참조 수준이 'int *'과(와) 다릅니다.
C:\Users\donha\OneDrive\바탕 화면\git\File_Processing_Theory_test1\AVL_OneFn\AVL_OneFn\test1.c(108,38): error C2059: 구문 오류: '형식'
C:\Users\donha\OneDrive\바탕 화면\git\File_Processing_Theory_test1\AVL_OneFn\AVL_OneFn\test1.c(108,41): error C2059: 구문 오류: ')'
C:\Users\donha\OneDrive\바탕 화면\git\File_Processing_Theory_test1\AVL_OneFn\AVL_OneFn\test1.c(142,8): error C2143: 구문 오류: '{'이(가) '*' 앞에 없습니다.
C:\Users\donha\OneDrive\바탕 화면\git\File_Processing_Theory_test1\AVL_OneFn\AVL_OneFn\test1.c(142,28): error C2143: 구문 오류: ')'이(가) '*' 앞에 없습니다.
C:\Users\donha\OneDrive\바탕 화면\git\File_Processing_Theory_test1\AVL_OneFn\AVL_OneFn\test1.c(142,28): error C2143: 구문 오류: '{'이(가) '*' 앞에 없습니다.
C:\Users\donha\OneDrive\바탕 화면\git\File_Processing_Theory_test1\AVL_OneFn\AVL_OneFn\test1.c(142,40): error C2059: 구문 오류: '형식'
C:\Users\donha\OneDrive\바탕 화면\git\File_Processing_Theory_test1\AVL_OneFn\AVL_OneFn\test1.c(142,43): error C2059: 구문 오류: ')'
C:\Users\donha\OneDrive\바탕 화면\git\File_Processing_Theory_test1\AVL_OneFn\AVL_OneFn\test1.c(158,12): warning C4013: 'avl_add'이(가) 정의되지 않았습니다. extern은 int형을 반환하는 것으로 간주합니다.
C:\Users\donha\OneDrive\바탕 화면\git\File_Processing_Theory_test1\AVL_OneFn\AVL_OneFn\test1.c(171,15): warning C4013: 'avl_search'이(가) 정의되지 않았습니다. extern은 int형을 반환하는 것으로 간주합니다.
  코드를 생성하고 있습니다...
